[1023/092207.493:ERROR:directory_reader_win.cc(43)] FindFirstFile: 지정된 경로를 찾을 수 없습니다. (0x3)
[1023/092339.130:ERROR:directory_reader_win.cc(43)] FindFirstFile: 지정된 경로를 찾을 수 없습니다. (0x3)
[1023/103109.899:ERROR:filesystem_win.cc(129)] GetFileAttributes C:\Users\g\AppData\Local\Temp\scoped_dir8504_1146182233\Crashpad\attachments\6cb6e51a-6694-436b-b72b-cd62402f5cbf: 지정된 경로를 찾을 수 없습니다. (0x3)
[1023/110834.373:ERROR:directory_reader_win.cc(43)] FindFirstFile: 지정된 경로를 찾을 수 없습니다. (0x3)
[1023/114553.471:ERROR:directory_reader_win.cc(43)] FindFirstFile: 지정된 경로를 찾을 수 없습니다. (0x3)
[1023/114801.607:ERROR:directory_reader_win.cc(43)] FindFirstFile: 지정된 경로를 찾을 수 없습니다. (0x3)
[1023/115928.758:ERROR:directory_reader_win.cc(43)] FindFirstFile: 지정된 경로를 찾을 수 없습니다. (0x3)
[1023/130557.237:ERROR:directory_reader_win.cc(43)] FindFirstFile: 지정된 경로를 찾을 수 없습니다. (0x3)
[1023/130808.161:ERROR:directory_reader_win.cc(43)] FindFirstFile: 지정된 경로를 찾을 수 없습니다. (0x3)
[1023/131009.205:ERROR:directory_reader_win.cc(43)] FindFirstFile: 지정된 경로를 찾을 수 없습니다. (0x3)
[1023/131212.078:ERROR:directory_reader_win.cc(43)] FindFirstFile: 지정된 경로를 찾을 수 없습니다. (0x3)
[1023/131412.856:ERROR:directory_reader_win.cc(43)] FindFirstFile: 지정된 경로를 찾을 수 없습니다. (0x3)
[1023/131736.831:ERROR:directory_reader_win.cc(43)] FindFirstFile: 지정된 경로를 찾을 수 없습니다. (0x3)
[1023/133802.633:ERROR:directory_reader_win.cc(43)] FindFirstFile: 지정된 경로를 찾을 수 없습니다. (0x3)
[1023/150646.577:ERROR:process_reader_win.cc(123)] NtOpenThread: {액세스 거부} 프로세스가 개체에 액세스를 요구했지만 액세스 권한이 없습니다. (0xc0000022)
[1023/150646.578:ERROR:exception_snapshot_win.cc(99)] thread ID 16144 not found in process
[1111/100212.196:ERROR:process_reader_win.cc(123)] NtOpenThread: {액세스 거부} 프로세스가 개체에 액세스를 요구했지만 액세스 권한이 없습니다. (0xc0000022)
[1111/100212.204:ERROR:exception_snapshot_win.cc(99)] thread ID 11088 not found in process
[1111/100212.210:ERROR:process_reader_win.cc(123)] NtOpenThread: {액세스 거부} 프로세스가 개체에 액세스를 요구했지만 액세스 권한이 없습니다. (0xc0000022)
[1111/100212.210:ERROR:exception_snapshot_win.cc(99)] thread ID 15896 not found in process
[1111/100502.771:ERROR:process_reader_win.cc(151)] SuspendThread: 액세스가 거부되었습니다. (0x5)
[1111/100502.772:ERROR:process_reader_win.cc(151)] SuspendThread: 액세스가 거부되었습니다. (0x5)
[1111/100502.772:ERROR:process_reader_win.cc(123)] NtOpenThread: {액세스 거부} 프로세스가 개체에 액세스를 요구했지만 액세스 권한이 없습니다. (0xc0000022)
[1111/100502.773:ERROR:exception_snapshot_win.cc(99)] thread ID 8260 not found in process
[1111/100502.775:ERROR:process_reader_win.cc(123)] NtOpenThread: {액세스 거부} 프로세스가 개체에 액세스를 요구했지만 액세스 권한이 없습니다. (0xc0000022)
[1111/100502.775:ERROR:exception_snapshot_win.cc(99)] thread ID 3120 not found in process
[1111/100502.788:ERROR:process_reader_win.cc(123)] NtOpenThread: {액세스 거부} 프로세스가 개체에 액세스를 요구했지만 액세스 권한이 없습니다. (0xc0000022)
[1111/100502.788:ERROR:exception_snapshot_win.cc(99)] thread ID 14844 not found in process
[1111/100809.593:ERROR:process_reader_win.cc(151)] SuspendThread: 액세스가 거부되었습니다. (0x5)
[1111/100809.594:ERROR:process_reader_win.cc(151)] SuspendThread: 액세스가 거부되었습니다. (0x5)
[1111/100809.594:ERROR:process_reader_win.cc(151)] SuspendThread: 액세스가 거부되었습니다. (0x5)
[1111/100809.594:ERROR:process_reader_win.cc(151)] SuspendThread: 액세스가 거부되었습니다. (0x5)
[1111/100809.594:ERROR:process_reader_win.cc(151)] SuspendThread: 액세스가 거부되었습니다. (0x5)
[1111/100809.594:ERROR:process_reader_win.cc(151)] SuspendThread: 액세스가 거부되었습니다. (0x5)
[1111/100809.594:ERROR:process_reader_win.cc(151)] SuspendThread: 액세스가 거부되었습니다. (0x5)
[1111/100809.594:ERROR:process_reader_win.cc(151)] SuspendThread: 액세스가 거부되었습니다. (0x5)
[1111/100809.594:ERROR:process_reader_win.cc(151)] SuspendThread: 액세스가 거부되었습니다. (0x5)
[1111/100809.594:ERROR:process_reader_win.cc(151)] SuspendThread: 액세스가 거부되었습니다. (0x5)
[1111/100809.594:ERROR:process_reader_win.cc(151)] SuspendThread: 액세스가 거부되었습니다. (0x5)
[1111/100809.594:ERROR:process_reader_win.cc(151)] SuspendThread: 액세스가 거부되었습니다. (0x5)
[1111/100809.594:ERROR:process_reader_win.cc(151)] SuspendThread: 액세스가 거부되었습니다. (0x5)
[1111/100809.594:ERROR:process_reader_win.cc(151)] SuspendThread: 액세스가 거부되었습니다. (0x5)
[1111/100809.594:ERROR:process_reader_win.cc(151)] SuspendThread: 액세스가 거부되었습니다. (0x5)
[1111/100809.594:ERROR:process_reader_win.cc(151)] SuspendThread: 액세스가 거부되었습니다. (0x5)
[1111/100809.594:ERROR:process_reader_win.cc(151)] SuspendThread: 액세스가 거부되었습니다. (0x5)
[1111/100809.594:ERROR:process_reader_win.cc(151)] SuspendThread: 액세스가 거부되었습니다. (0x5)
[1111/100809.594:ERROR:process_reader_win.cc(151)] SuspendThread: 액세스가 거부되었습니다. (0x5)
[1111/100809.594:ERROR:process_reader_win.cc(123)] NtOpenThread: {액세스 거부} 프로세스가 개체에 액세스를 요구했지만 액세스 권한이 없습니다. (0xc0000022)
[1111/100809.595:ERROR:exception_snapshot_win.cc(99)] thread ID 15588 not found in process
[1111/100809.611:ERROR:process_reader_win.cc(151)] SuspendThread: 액세스가 거부되었습니다. (0x5)
[1111/100809.611:ERROR:process_reader_win.cc(151)] SuspendThread: 액세스가 거부되었습니다. (0x5)
[1111/100809.611:ERROR:process_reader_win.cc(151)] SuspendThread: 액세스가 거부되었습니다. (0x5)
[1111/100809.611:ERROR:process_reader_win.cc(151)] SuspendThread: 액세스가 거부되었습니다. (0x5)
[1111/100809.611:ERROR:process_reader_win.cc(151)] SuspendThread: 액세스가 거부되었습니다. (0x5)
[1111/100809.611:ERROR:process_reader_win.cc(123)] NtOpenThread: {액세스 거부} 프로세스가 개체에 액세스를 요구했지만 액세스 권한이 없습니다. (0xc0000022)
[1111/100809.611:ERROR:exception_snapshot_win.cc(99)] thread ID 4380 not found in process
